<?xml version="1.0" encoding="UTF-8"?>
<!-- Generated by org.testng.reporters.JUnitReportReporter -->
<testsuite hostname="DESKTOP-KJ5HK5H" failures="0" tests="5" name="testCases.OrikonTestCase" time="19.601" errors="0" timestamp="2024-04-04T16:41:18 IST" skipped="0">
  <testcase classname="testCases.OrikonTestCase" name="TC05_SuccessfullPage" time="2.261"/>
  <system-out/>
  <testcase classname="testCases.OrikonTestCase" name="TC04_TermsPage" time="10.349"/>
  <system-out/>
  <testcase classname="testCases.OrikonTestCase" name="TC02_ContactPage" time="5.663"/>
  <system-out/>
  <testcase classname="testCases.OrikonTestCase" name="TC03_PaymentPage" time="0.810"/>
  <system-out/>
  <testcase classname="testCases.OrikonTestCase" name="TC01_RegistrationPage" time="0.518"/>
  <system-out/>
</testsuite> <!-- testCases.OrikonTestCase -->
